\ Forced PSF-fit and aperture photometry results
\ Generated by forcepsffitdiff.pl v3.4, 2016-11-02 at 14:39:40
\ Input PSF-fitting radius = 3 pixels
\ Magnitude Zero-Point & RMS: see epoch-dependent zpmag,zprms columns
\ Input (fixed) aperture radius = 6 pixels
\ Input (fixed) inner radius of sky annulus = 12 pixels
\ Input (fixed) outer radius of sky annulus = 16 pixels
\ Input (fixed) aperture correction = 0 magnitudes
\ Input correlated-noise correction factor for aperture photometry = 1
\ Number of target positions = 1
\ Column definitions:
\ sourceid = source ID based on internal counter
\ xpos, ypos = source centroid position in x,y system of difference image
\ ra, dec = corresponding J2000 equatorial coordinates
\ flux, sigflux = PSF-fit flux and 1-sigma uncertainty; use these estimates
\        when generating light-curves; values of 99999999,-99.999 indicate
\        no measurement was possible.
\ fluxap, sigfluxap = aperture flux and 1-sigma uncertainty using a _fixed_
\        aperture. Provdes a crude sanity check of PSF photometry. Will
\        be affected by bad pixels (see nbadap column). Note: aperture
\        correction (if applied) may not match variable seeing. You may
\        want to increase aperture radius to make this more immune to
\        variable seeing. This will be at the expense of an increase in the
\        measurement noise.
\ nbadap = number of bad and saturated pixels in measurement aperture;
\        99999999 => aperture measurement not possible (e.g., too close to edge)
\ snr = signal-to-noise ratio in PSF-fit flux estimate
\ chi = robust estimate of ratio: RMS in PSF-fit residuals /
\                                 expected RMS using uncertainties
\ sharp = fwhm_obs^2 - fwhm_PSF^2;
\       ~ 0  => perfect (source is PSF-like);
\       >> 0 => extended source or bad kernel solution;
\       << 0 => cosmic ray, glitch, or bad kernel solution
\ MJD, HJD = Modified and Heliocentric Julian Dates at start of exposure
\ FWHMSEX = Effective FWHM (seeing) of original science frame
\
\ Reference-image rfId, refimage = 195562, /ptf/pos/sbx1/refims/d4636/f1/c8/p12/v2/PTF_d004636_f01_c08_u000195562_p12_refimg.fits
\ Reference-image PSF-file rfaId, rawpsf = 711201, /ptf/pos/sbx1/refims/d4636/f1/c8/p12/v2/PTF_d004636_f01_c08_u000195562_p12_daopsf.rpsf
\
|sourceid    |xpos        |ypos        |ra          |dec         |zpmag       |zprms       |flux                |sigflux           |snr         |chi         |sharp       |fluxap              |sigfluxap         |nbadap      |MJD                 |HJD                   |FWHMSEX                   |
|i           |r           |r           |r           |r           |r           |r           |r                   |r                 |r           |r           |r           |r                   |r                 |i           |r                   |r                     |r                         |
|            |pix         |pix         |deg         |deg         |mag         |mag         |DN                  |DN                |            |            |            |DN                  |DN                |            |days                |days                  |arcsec                    |
 1             630.03      3218.15      189.2809900   45.1855420  27.068        0.050               -32.8258000        102.4770000    -0.32        0.915       -4.898             -260.4682999        167.5248723  0             55602.26330           2455602.76701                 4.95000
 1             630.94      3233.03      189.2809900   45.1855420  27.067        0.032                40.9941000         87.4442000     0.47        1.016        1.466             -135.9797058        115.6754562  0             55602.36667           2455602.87038                 5.75000
 1             637.60      3236.75      189.2809900   45.1855420  27.067        0.033               -42.7996000         66.9639000    -0.64        1.095        3.075             -217.4506912         96.3638485  0             55602.40494           2455602.90866                 4.95000
 1             628.71      3240.69      189.2809900   45.1855420  27.068        0.031                86.5233000         68.0164000     1.27        1.114        2.032               48.2841797        101.1166808  0             55602.47828           2455602.98199                 4.85000
 1             606.41      3143.35      189.2809900   45.1855420  27.065        0.100                20.2138000        144.8790000     0.14        1.093        2.749              313.2426834        406.2515209  0             57059.38269           2457059.88627                 2.45000
 1             610.16      3145.08      189.2809900   45.1855420  27.071        0.076               -17.9872000         63.8511000    -0.28        1.006       -3.879              529.4527969        198.4736670  0             57059.41308           2457059.91667                 2.25000
 1             608.21      3143.08      189.2809900   45.1855420  27.066        0.061              -223.1990000         80.3948000    -2.78        1.285       -1.566              454.4023514        209.3210210  0             57060.38723           2457060.89085                 2.35000
 1             611.99      3145.03      189.2809900   45.1855420  27.065        0.067              -126.5960000         88.4104000    -1.43        1.167        0.390              203.4260025        226.7271034  0             57060.41786           2457060.92148                 2.45000
 1             606.66      3148.28      189.2809900   45.1855420  27.066        0.060               170.9680000         62.8768000     2.72        0.814        0.351              156.4596481        230.5781129  0             57060.48310           2457060.98672                 2.45000
 1             609.19      3147.12      189.2809900   45.1855420  27.051        0.052                17.5518000         79.4442000     0.22        1.241       -7.894              -16.6026382        177.4672139  0             57062.38383           2457062.88751                 2.65000
 1             613.92      3148.74      189.2809900   45.1855420  27.066        0.047                -0.9614490         56.7316000    -0.02        0.767       99.999               34.2502747        171.4946835  0             57062.41517           2457062.91886                 2.85000
 1             612.00      3150.02      189.2809900   45.1855420  27.068        0.053               -71.5247000         62.3254000    -1.15        0.980        1.666              -12.2616043        179.4954925  0             57062.44536           2457062.94904                 2.65000
 1             621.03      3189.13      189.2809900   45.1855420  27.065        0.065                89.8653000         94.2801000     0.95        0.988        0.169              448.3235168        228.2782642  0             57062.56646           2457063.07015                 3.05000
 1             606.50      3150.40      189.2809900   45.1855420  27.069        0.047               -46.9921000         32.0412000    -1.47        1.038       -2.029              -40.9082794        103.4151967  0             57063.36872           2457063.87243                 2.05000
 1             611.91      3152.22      189.2809900   45.1855420  27.070        0.042                10.1500000         31.2331000     0.32        0.920        5.773              -51.8425369        108.9122397  0             57063.40030           2457063.90401                 2.15000
 1             614.16      3153.93      189.2809900   45.1855420  27.067        0.041               -64.4328000         36.6305000    -1.76        1.405        0.849               74.1685562         88.4683935  0             57063.43068           2457063.93440                 1.95000
 1             605.73      3155.75      189.2809900   45.1855420  27.064        0.040                -4.8013300         33.3421000    -0.14        1.071        5.499              241.6656570        100.5928362  0             57063.46521           2457063.96892                 2.15000
 1             613.19      3149.60      189.2809900   45.1855420  27.066        0.041                12.6036000         52.6917000     0.24        1.149        9.124              184.7792358        132.5224522  0             57064.40604           2457064.90978                 2.55000
 1             612.13      3151.57      189.2809900   45.1855420  27.066        0.041                30.9999000         44.9984000     0.69        0.959        2.040              183.4030228        133.0152059  0             57064.43729           2457064.94104                 2.55000
 1             608.26      3148.24      189.2809900   45.1855420  27.067        0.039               -11.5761000         54.0145000    -0.21        1.026       18.965               63.7887955        111.9460773  0             57065.38388           2457065.88765                 3.55000
 1             611.70      3149.01      189.2809900   45.1855420  27.067        0.035               -32.0740000         64.9720000    -0.49        1.065        6.371              -68.1830215        120.3612965  0             57065.42380           2457065.92757                 3.85000
 1             611.71      3148.30      189.2809900   45.1855420  27.069        0.029                -5.4929500         48.9574000    -0.11        1.244       18.002               95.4831848         93.5312228  0             57066.39471           2457066.89851                 3.35000
 1             610.46      3149.61      189.2809900   45.1855420  27.068        0.035               -36.3228000         41.1909000    -0.88        1.109       -3.487               58.7226486         99.1204934  0             57066.43503           2457066.93883                 2.85000
 1             610.10      3147.26      189.2809900   45.1855420  27.068        0.030                14.0139000         39.3082000     0.36        1.128        5.874              104.3863907         88.4018965  0             57067.38375           2457067.88757                 2.95000
 1             612.03      3148.82      189.2809900   45.1855420  27.070        0.033                43.4629000         28.8348000     1.51        0.852        0.263               69.3791122         85.5188856  0             57067.42409           2457067.92791                 2.85000
 1             610.35      3148.09      189.2809900   45.1855420  27.067        0.030                72.2685000         17.2376000     4.19        0.667       -0.008              159.9297562         79.7135418  0             57068.38325           2457068.88710                 2.35000
 1             611.30      3149.99      189.2809900   45.1855420  27.068        0.030                33.1869000         37.0466000     0.90        1.219        0.946              120.8963318         97.5048471  0             57068.42216           2457068.92601                 2.45000
 1             609.64      3146.04      189.2809900   45.1855420  27.068        0.032                14.7094000         35.1202000     0.42        1.373       -0.873               68.4845428         82.6382249  0             57069.36237           2457069.86624                 2.45000
 1             612.89      3146.76      189.2809900   45.1855420  27.068        0.031                10.6540000         21.8179000     0.49        0.817       -4.072               47.5375061         82.2175022  0             57069.40265           2457069.90652                 2.45000
 1             607.31      3146.51      189.2809900   45.1855420  27.066        0.027               -10.9590000         31.4261000    -0.35        1.300       -5.153              112.4907532         80.1651311  0             57070.33363           2457070.83753                 2.45000
 1             611.59      3147.26      189.2809900   45.1855420  27.069        0.028                22.2655000         26.0860000     0.85        1.073        2.761               -1.4141617         75.9323523  0             57070.37315           2457070.87704                 2.45000
 1             607.35      3144.62      189.2809900   45.1855420  27.068        0.032               -88.8784000         14.9298000    -5.95        0.693       -0.006              -61.2986908         69.3348828  0             57071.32706           2457071.83097                 2.25000
 1             611.10      3145.50      189.2809900   45.1855420  27.068        0.032                 6.6708500         27.1421000     0.25        1.739        1.714               99.6158752         56.5641252  0             57071.36725           2457071.87116                 2.15000
 1             608.78      3145.05      189.2809900   45.1855420  27.067        0.033                67.2486000         29.4512000     2.28        0.931        1.215              157.4598618         94.9012916  0             57072.34530           2457072.84923                 2.45000
 1             614.28      3146.16      189.2809900   45.1855420  27.067        0.033                -1.9098700         25.1275000    -0.08        1.101      -26.576               49.7956085         76.0717584  0             57072.38394           2457072.88787                 2.35000
 1             607.43      3146.16      189.2809900   45.1855420  27.068        0.032                -2.7597000         28.6685000    -0.10        1.189      -28.590              -79.3952942         78.4469569  0             57074.44823           2457074.95220                 2.55000
 1             619.38      3148.73      189.2809900   45.1855420  27.069        0.032                56.9966000         22.9212000     2.49        0.939       -0.987              106.6823807         78.6811357  0             57074.48652           2457074.99049                 2.25000
 1             619.14      3146.57      189.2809900   45.1855420  27.068        0.034                67.4232000         28.3240000     2.38        1.042       -0.911              212.1901245         90.0544052  0             57078.46816           2457078.97218                 2.35000
 1             617.81      3146.63      189.2809900   45.1855420  27.070        0.026                83.8526000         23.2904000     3.60        1.197       -0.415               39.0863876         66.3249536  0             57079.46009           2457079.96413                 2.35000
 1             622.32      3149.15      189.2809900   45.1855420  27.065        0.030                 6.7060900         25.8521000     0.26        1.120        2.821               42.1335754         80.9514533  0             57079.50014           2457080.00417                 2.35000
 1             613.52      3144.75      189.2809900   45.1855420  27.065        0.086               188.4300000         37.3110000     5.05        0.478        0.133              247.0652313        201.2120105  0             57089.37914           2457089.88322                 2.25000
 1             612.38      3145.26      189.2809900   45.1855420  27.066        0.060               114.1650000         45.2677000     2.52        0.991        0.019              -61.5773163        149.3295037  0             57090.38044           2457090.88451                 2.15000
 1             618.18      3146.65      189.2809900   45.1855420  27.064        0.057               -59.7998000         67.2559000    -0.89        1.398       -1.337              214.2505646        170.8064961  0             57090.41659           2457090.92066                 2.25000
 1             610.27      3143.74      189.2809900   45.1855420  27.065        0.053               -86.4214000         85.1201000    -1.02        1.306       -3.377              153.6439896        194.6051998  0             57091.38436           2457091.88843                 2.65000
 1             618.24      3145.44      189.2809900   45.1855420  27.067        0.048                45.1469000         62.8963000     0.72        0.958       -0.477             -189.5364304        198.6799562  0             57091.41600           2457091.92006                 2.55000
 1             618.12      3149.32      189.2809900   45.1855420  27.068        0.035                 6.9412800         54.0162000     0.13        1.188      -14.660             -195.8391724        136.9142544  0             57093.40608           2457093.91013                 2.55000
 1             625.19      3149.50      189.2809900   45.1855420  27.068        0.041              -123.3380000         50.6211000    -2.44        0.974        0.835              -94.1830597        149.4802809  0             57093.44470           2457093.94875                 2.65000
 1             616.15      3149.11      189.2809900   45.1855420  27.067        0.034               -36.4869000         42.1160000    -0.87        0.870        1.775               -0.1083374        117.5987754  0             57094.40106           2457094.90511                 3.05000
 1             624.73      3151.08      189.2809900   45.1855420  27.067        0.040                 5.9476500         51.8459000     0.11        1.052       22.171              131.7821274        129.7135747  0             57094.43956           2457094.94361                 2.95000
 1             610.16      3146.68      189.2809900   45.1855420  27.069        0.033               -24.2304000         50.2918000    -0.48        1.429       -3.254              106.4077530         92.1878477  0             57095.37810           2457095.88214                 3.05000
 1             623.10      3149.69      189.2809900   45.1855420  27.067        0.040                50.2111000         49.3026000     1.02        1.102       -1.936              -74.8970490        110.8754332  0             57095.42296           2457095.92700                 2.95000
 1             608.97      3144.96      189.2809900   45.1855420  27.067        0.031               -61.6457000         29.8760000    -2.06        0.967       -2.531              138.7428818         92.6065023  0             57096.37645           2457096.88047                 2.55000
 1             621.75      3147.71      189.2809900   45.1855420  27.071        0.034               -12.3425000         27.1772000    -0.45        0.974        3.497               37.5202408         91.2223774  0             57096.42072           2457096.92474                 2.35000
 1             609.20      3143.35      189.2809900   45.1855420  27.070        0.035               -66.4533000         34.4078000    -1.93        0.889        0.601              -40.8425751         95.2975538  0             57097.37238           2457097.87640                 2.95000
 1             621.10      3146.42      189.2809900   45.1855420  26.078        0.156       99999999             -99.999               0.00        0.000        0.000             -151.8647156        453.8653322  0             57097.41689           2457097.92090                 2.85000
 1             610.58      3141.01      189.2809900   45.1855420  27.067        0.034                 4.8277400         35.9070000     0.13        1.082       -1.410                5.6693649         98.1895149  0             57098.36818           2457098.87219                 2.75000
 1             621.30      3142.79      189.2809900   45.1855420  27.064        0.038               -26.2279000         42.8282000    -0.61        1.033       -1.692             -153.3332291        116.6699891  0             57098.41543           2457098.91943                 2.55000
 1             616.24      3140.96      189.2809900   45.1855420  27.068        0.031                11.8298000         31.8262000     0.37        1.051       -9.873              -17.1879807         88.6743721  0             57102.33925           2457102.84319                 2.75000
 1             619.99      3142.82      189.2809900   45.1855420  27.066        0.025                -6.4952800         20.0988000    -0.32        0.984        0.850               14.9822845         71.6560297  0             57102.38712           2457102.89106                 2.35000
 1             615.26      3140.79      189.2809900   45.1855420  27.067        0.033               -47.0648000         44.2868000    -1.06        1.365        0.974               12.0810242         99.5731129  0             57103.34179           2457103.84572                 2.45000
 1             621.00      3142.08      189.2809900   45.1855420  27.066        0.032                -8.5909800         29.1822000    -0.29        0.823       12.526              129.5980682        100.3634832  0             57103.38959           2457103.89352                 2.45000
 1             611.13      3142.51      189.2809900   45.1855420  27.066        0.036                39.9806000         50.5081000     0.79        1.270        0.307             -179.3564072         93.8108926  0             57104.35387           2457104.85777                 3.25000
 1             623.50      3142.92      189.2809900   45.1855420  27.070        0.034                40.2925000         34.7042000     1.16        0.925        0.821              -32.1461639         91.4495806  0             57104.40089           2457104.90479                 2.95000
 1             614.90      3141.63      189.2809900   45.1855420  27.067        0.034                80.6267000         47.9691000     1.68        1.269        1.159                6.4543304         92.9839848  0             57107.33251           2457107.83635                 3.05000
 1             621.52      3143.28      189.2809900   45.1855420  27.067        0.036               -20.0605000         51.0692000    -0.39        1.243        7.164               97.7209702         94.4679916  0             57107.38047           2457107.88431                 3.25000
 1             619.77      3136.39      189.2809900   45.1855420  27.068        0.037                89.2414000         46.6705000     1.91        1.130        0.881              234.6109772        130.9193571  0             57108.30589           2457108.80970                 2.55000
 1             613.49      3138.19      189.2809900   45.1855420  27.065        0.033                71.3204000         48.4189000     1.47        1.298       -1.698             -117.1062241        119.6585630  0             57108.33590           2457108.83971                 2.75000
 1             618.73      3136.65      189.2809900   45.1855420  27.067        0.043                21.0636000         29.9518000     0.70        0.976       -4.867             -252.4101639         98.1424727  0             57109.26806           2457109.77184                 2.25000
 1             621.15      3137.37      189.2809900   45.1855420  27.067        0.041               -98.4263000         29.1542000    -3.38        0.827        0.388             -238.7273483        113.7374268  0             57109.29824           2457109.80203                 2.35000
 1             620.45      3136.17      189.2809900   45.1855420  27.065        0.056               -31.3934000         42.2007000    -0.74        1.050        1.728              160.8041000        133.5627769  0             57111.28425           2457111.78798                 2.15000
 1             617.56      3138.18      189.2809900   45.1855420  27.068        0.049                67.2882000         59.4747000     1.13        1.095       -2.331               79.7442245        180.2623685  0             57111.31672           2457111.82046                 2.35000
 1             616.99      3135.06      189.2809900   45.1855420  27.064        0.066               -88.1044000         56.4705000    -1.56        0.968        3.251             -477.0225983        183.0087467  0             57112.24938           2457112.75308                 2.35000
 1             620.76      3135.44      189.2809900   45.1855420  27.066        0.058                73.4590000         66.2618000     1.11        0.864        0.329              295.4850616        239.7429405  0             57112.28069           2457112.78440                 2.45000
 1             618.29      3135.77      189.2809900   45.1855420  27.065        0.084                96.5412000         64.0500000     1.51        0.916       -1.429              344.2559509        224.0116397  0             57113.27131           2457113.77498                 2.25000
 1             618.75      3136.80      189.2809900   45.1855420  27.067        0.083              -209.5910000         84.5454000    -2.48        1.320       -1.932              -44.3457642        224.7947781  0             57113.30032           2457113.80400                 2.25000
 1             618.13      3137.80      189.2809900   45.1855420  27.070        0.084              -198.3990000         88.5623000    -2.24        0.734       -0.189             -164.9221115        296.7419937  0             57114.26280           2457114.76645                 2.75000
 1             625.45      3141.91      189.2809900   45.1855420  27.066        0.044               -27.3000000         43.0643000    -0.63        1.086       -3.460              -81.4511108        137.0201345  0             57122.35492           2457122.85828                 2.35000
 1             626.63      3143.87      189.2809900   45.1855420  27.064        0.050                61.9118000         51.7542000     1.20        1.296        1.530               -0.2862091        133.5710538  0             57122.39590           2457122.89926                 2.15000
 1             614.24      3141.79      189.2809900   45.1855420  27.141        0.391              -225.9200000         35.9771000    -6.28        1.356        0.599             -454.3166046         81.4636312  0             57140.24271           2457140.74522                 2.05000
 1             613.79      3138.64      189.2809900   45.1855420  26.533        0.334              -164.1950000         91.7382000    -1.79        0.690        2.470             -255.1553116        390.2428310  0             57142.23434           2457142.73674                 2.05000
 1             610.30      3139.65      189.2809900   45.1855420  27.076        0.249              -135.8260000         93.0172000    -1.46        1.063        0.441              397.9717712        287.7334155  0             57142.25787           2457142.76027                 2.25000
 1             625.02      3136.84      189.2809900   45.1855420  27.064        0.085                78.8244000         88.9283000     0.89        1.187        0.960              114.0355453        252.9639151  0             57148.30887           2457148.81091                 2.25000
 1             625.39      3138.14      189.2809900   45.1855420  27.064        0.174              -475.2090000        114.2240000    -4.16        0.765        0.830             -466.1818542        435.2480979  0             57148.33833           2457148.84038                 2.25000
 1             613.81      3140.88      189.2809900   45.1855420  27.067        0.036                 8.9997400         25.0675000     0.36        1.004       11.911               21.9240341         80.5034391  0             57153.20361           2457153.70536                 2.25000
 1             610.58      3140.65      189.2809900   45.1855420  27.068        0.034               -46.7587000         21.8689000    -2.14        1.110       -2.078               38.1570053         65.3901245  0             57153.23374           2457153.73549                 2.15000
 1             612.48      3141.01      189.2809900   45.1855420  27.069        0.032                31.7419000         33.2327000     0.96        1.388       -3.478              178.1266708         81.7250144  0             57154.20262           2457154.70430                 2.25000
 1             610.62      3140.97      189.2809900   45.1855420  27.067        0.038               -12.5410000         15.7942000    -0.79        0.579        3.552             -109.0524902         79.6264309  0             57154.23269           2457154.73437                 2.35000
 1             621.37      3137.99      189.2809900   45.1855420  27.067        0.036                39.5650000         15.7104000     2.52        0.735        0.014              128.5639343         67.4225844  0             57155.26260           2457155.76422                 2.15000
 1             623.72      3138.49      189.2809900   45.1855420  27.069        0.031                11.4467000         19.9165000     0.57        1.001       -5.388               55.4211731         67.9768916  0             57155.28816           2457155.78978                 2.25000
 1             623.57      3138.76      189.2809900   45.1855420  27.068        0.029                83.4367000         32.8371000     2.54        1.050       -0.347              133.9442215        101.1185765  0             57156.29450           2457156.79606                 2.45000
 1             623.41      3138.80      189.2809900   45.1855420  27.066        0.050               -40.3875000         50.2097000    -0.80        1.205       -1.305              252.2929001        144.4427689  0             57156.32001           2457156.82156                 2.35000
 1             623.65      3139.13      189.2809900   45.1855420  27.067        0.032               -60.6281000         15.2877000    -3.97        0.791       -0.192               -8.3352585         62.7437899  0             57160.30787           2457160.80917                 2.05000
 1             622.19      3140.06      189.2809900   45.1855420  27.068        0.035                 3.8414200         16.0838000     0.24        0.881       26.530               64.6639786         58.8461231  0             57160.33336           2457160.83465                 2.05000
 1             622.59      3140.06      189.2809900   45.1855420  27.066        0.030               -97.4886000         24.4094000    -3.99        1.002       -0.029              -66.9584503         80.3637086  0             57163.27584           2457163.77695                 2.15000
 1             622.56      3140.72      189.2809900   45.1855420  26.240        0.207              -288.9530000        113.2210000    -2.55        1.093        0.741             -645.7757797        353.5157194  0             57163.30141           2457163.80251                 2.15000
 1             618.98      3140.45      189.2809900   45.1855420  27.065        0.051                 9.0792200         26.6901000     0.34        0.810        1.510              164.0220032        107.4263733  0             57167.22655           2457167.72739                 2.15000
 1             619.34      3140.03      189.2809900   45.1855420  27.067        0.050               -16.4754000         22.3088000    -0.74        0.886        2.382             -112.6247101         83.3579745  0             57168.22707           2457168.72785                 1.75000
 1             618.28      3136.17      189.2809900   45.1855420  27.068        0.069               -47.5643000         22.9747000    -2.07        0.568       -0.169              -99.7602081        123.7840858  0             57170.23075           2457170.73139                 2.05000
 1             604.18      3137.94      189.2809900   45.1855420  27.066        0.064                86.4064000         36.0012000     2.40        0.997       -1.024              349.1061172        114.0659946  0             57171.17640           2457171.67698                 1.85000
 1             614.89      3136.65      189.2809900   45.1855420  27.063        0.067                31.6773000         41.5024000     0.76        1.170        3.884              223.8329620        119.5070831  0             57171.21108           2457171.71165                 1.85000
 1             582.76      3649.36      189.2809900   45.1855420  27.067        0.047               642.0570000         71.6931000     8.96        1.091       -0.599              468.0356297        162.7445025  0             57359.47788           2457359.97755                 3.05000
 1             581.13      3649.05      189.2809900   45.1855420  27.065        0.046               530.4280000         66.5779000     7.97        1.207        0.254              729.7806454        153.6874907  0             57359.50712           2457360.00679                 2.75000
 1             582.86      3636.45      189.2809900   45.1855420  27.067        0.075               629.7700000         74.5146000     8.45        1.396        0.063              658.0362568        189.7078572  0             57365.48602           2457365.98612                 2.15000
 1             583.14      3636.58      189.2809900   45.1855420  27.065        0.036               583.9880000         43.5846000    13.40        1.568       -0.169              765.0295763         79.5746712  0             57365.51557           2457366.01567                 2.05000
 1             580.35      3632.30      189.2809900   45.1855420  27.068        0.033               455.6950000         33.7747000    13.49        0.730        0.127              417.7949058        101.8196827  0             57371.48475           2457371.98528                 3.15000
 1             583.59      3633.31      189.2809900   45.1855420  27.065        0.034               489.5170000         48.0492000    10.19        1.189       -0.487              412.2942112        101.9833051  0             57371.51721           2457372.01775                 3.05000
 1             584.45      3626.12      189.2809900   45.1855420  27.066        0.036               432.6740000         37.1675000    11.64        0.963       -0.072              335.0498412        100.8926358  0             57374.47789           2457374.97864                 2.65000
 1             586.74      3626.64      189.2809900   45.1855420  27.064        0.030               393.6710000         34.2844000    11.48        0.935        0.125              407.6917267         96.8186597  0             57374.50877           2457375.00952                 2.55000
 1             590.01      3622.15      189.2809900   45.1855420  27.067        0.041                45.3915000         32.3678000     1.40        0.871       -2.468               97.7366970        117.8352321  0             57389.46539           2457389.96717                 2.25000
 1             595.79      3624.34      189.2809900   45.1855420  27.067        0.041                61.1401000         35.5995000     1.72        1.142        0.246              105.9371210        111.4839654  0             57389.50698           2457390.00876                 2.25000
 1             602.27      3621.37      189.2809900   45.1855420  27.068        0.028                11.5161000         21.0206000     0.55        0.982        3.036              156.6564605         74.5410937  0             57401.50328           2457402.00579                 2.35000
 1             596.69      3624.25      189.2809900   45.1855420  27.068        0.024                34.4709000         34.5999000     1.00        1.110       -7.357               76.2121603         86.8413337  0             57401.55297           2457402.05549                 2.55000
 1             598.64      3608.42      189.2809900   45.1855420  27.066        0.033                38.9925000         40.4094000     0.96        1.050       -2.312                9.6200620        100.8797954  0             57421.49784           2457422.00131                 2.85000
 1             613.85      3608.52      189.2809900   45.1855420  27.070        0.035               101.9190000         35.7254000     2.85        0.815       -0.928               79.4697666        109.2059776  0             57421.54770           2457422.05117                 2.85000
 1             608.28      3600.74      189.2809900   45.1855420  27.069        0.030                63.0578000         41.4646000     1.52        1.385        0.486               19.2650639         87.9504412  0             57427.49385           2457427.99753                 2.65000
 1             614.23      3606.02      189.2809900   45.1855420  27.070        0.028                24.1324000         33.5666000     0.72        0.984       -0.842              -26.7784719         93.0826276  0             57427.54388           2457428.04756                 2.75000
 1             605.78      3595.13      189.2809900   45.1855420  27.068        0.029                97.7706000         24.9006000     3.93        1.167       -1.564              136.4686090         67.7449214  0             57430.48042           2457430.98418                 2.25000
 1             615.12      3597.73      189.2809900   45.1855420  27.068        0.031                11.5935000         44.8063000     0.26        1.472        1.097              163.7958298         91.7223294  0             57430.52528           2457431.02905                 2.55000
\ Reference-image PSF-fit metrics for id 1: flux_ref, sigflux_ref, chi_ref, sharp_ref = 632.168 DN, 30.7649 DN, 2.71, 0.373
\ -------------------------------------------------------------------------------------------------------------------------------------------------------------------------------------------------------------------------------------------------------------------------------------------------------
